2021-05-05 13:30:25,327 INFO org.hibernate.validator.internal.util.Version [background-preinit] HV000001: Hibernate Validator 6.1.7.Final
2021-05-05 13:30:25,332 INFO org.springframework.boot.StartupInfoLogger [main] Starting BaseRestApplication using Java 15.0.2 on MOV06471 with PID 4944 (C:\workspaceOrigen\baseRest\target\classes started by fperea in C:\workspaceOrigen\baseRest)
2021-05-05 13:30:25,333 INFO org.springframework.boot.SpringApplication [main] No active profile set, falling back to default profiles: default
2021-05-05 13:30:26,002 INFO org.springframework.data.repository.config.RepositoryConfigurationDelegate [main] Bootstrapping Spring Data JPA repositories in DEFAULT mode.
2021-05-05 13:30:26,079 INFO org.springframework.data.repository.config.RepositoryConfigurationDelegate [main] Finished Spring Data repository scanning in 60 ms. Found 2 JPA repository interfaces.
2021-05-05 13:30:26,316 INFO org.springframework.context.support.PostProcessorRegistrationDelegate$BeanPostProcessorChecker [main] Bean 'org.springframework.security.access.expression.method.DefaultMethodSecurityExpressionHandler@21079a12' of type [org.springframework.security.access.expression.method.DefaultMethodSecurityExpressionHandler] is not eligible for getting processed by all BeanPostProcessors (for example: not eligible for auto-proxying)
2021-05-05 13:30:26,320 INFO org.springframework.context.support.PostProcessorRegistrationDelegate$BeanPostProcessorChecker [main] Bean 'methodSecurityMetadataSource' of type [org.springframework.security.access.method.DelegatingMethodSecurityMetadataSource] is not eligible for getting processed by all BeanPostProcessors (for example: not eligible for auto-proxying)
2021-05-05 13:30:26,552 INFO org.springframework.boot.web.embedded.tomcat.TomcatWebServer [main] Tomcat initialized with port(s): 8888 (http)
2021-05-05 13:30:26,559 INFO org.apache.juli.logging.DirectJDKLog [main] Initializing ProtocolHandler ["http-nio-8888"]
2021-05-05 13:30:26,559 INFO org.apache.juli.logging.DirectJDKLog [main] Starting service [Tomcat]
2021-05-05 13:30:26,559 INFO org.apache.juli.logging.DirectJDKLog [main] Starting Servlet engine: [Apache Tomcat/9.0.43]
2021-05-05 13:30:26,662 INFO org.apache.juli.logging.DirectJDKLog [main] Initializing Spring embedded WebApplicationContext
2021-05-05 13:30:26,662 INFO org.springframework.boot.web.servlet.context.ServletWebServerApplicationContext [main] Root WebApplicationContext: initialization completed in 1290 ms
2021-05-05 13:30:26,884 INFO org.hibernate.jpa.internal.util.LogHelper [main] HHH000204: Processing PersistenceUnitInfo [name: default]
2021-05-05 13:30:26,918 INFO org.hibernate.Version [main] HHH000412: Hibernate ORM core version 5.4.28.Final
2021-05-05 13:30:27,010 INFO org.hibernate.annotations.common.reflection.java.JavaReflectionManager [main] HCANN000001: Hibernate Commons Annotations {5.1.2.Final}
2021-05-05 13:30:27,092 INFO com.zaxxer.hikari.HikariDataSource [main] HikariPool-1 - Starting...
2021-05-05 13:30:27,496 WARN com.microsoft.sqlserver.jdbc.TDSChannel [main] TLSv1 was negotiated. Please update server and client to use TLSv1.2 at minimum.
2021-05-05 13:30:27,595 INFO com.zaxxer.hikari.HikariDataSource [main] HikariPool-1 - Start completed.
2021-05-05 13:30:27,611 INFO org.hibernate.dialect.Dialect [main] HHH000400: Using dialect: org.hibernate.dialect.SQLServer2012Dialect
2021-05-05 13:30:27,717 WARN com.microsoft.sqlserver.jdbc.TDSChannel [HikariPool-1 connection adder] TLSv1 was negotiated. Please update server and client to use TLSv1.2 at minimum.
2021-05-05 13:30:27,745 WARN com.microsoft.sqlserver.jdbc.TDSChannel [HikariPool-1 connection adder] TLSv1 was negotiated. Please update server and client to use TLSv1.2 at minimum.
2021-05-05 13:30:27,766 WARN com.microsoft.sqlserver.jdbc.TDSChannel [HikariPool-1 connection adder] TLSv1 was negotiated. Please update server and client to use TLSv1.2 at minimum.
2021-05-05 13:30:27,788 WARN com.microsoft.sqlserver.jdbc.TDSChannel [HikariPool-1 connection adder] TLSv1 was negotiated. Please update server and client to use TLSv1.2 at minimum.
2021-05-05 13:30:27,826 WARN com.microsoft.sqlserver.jdbc.TDSChannel [HikariPool-1 connection adder] TLSv1 was negotiated. Please update server and client to use TLSv1.2 at minimum.
2021-05-05 13:30:27,848 WARN com.microsoft.sqlserver.jdbc.TDSChannel [HikariPool-1 connection adder] TLSv1 was negotiated. Please update server and client to use TLSv1.2 at minimum.
2021-05-05 13:30:27,873 WARN com.microsoft.sqlserver.jdbc.TDSChannel [HikariPool-1 connection adder] TLSv1 was negotiated. Please update server and client to use TLSv1.2 at minimum.
2021-05-05 13:30:27,902 WARN com.microsoft.sqlserver.jdbc.TDSChannel [HikariPool-1 connection adder] TLSv1 was negotiated. Please update server and client to use TLSv1.2 at minimum.
2021-05-05 13:30:27,929 WARN com.microsoft.sqlserver.jdbc.TDSChannel [HikariPool-1 connection adder] TLSv1 was negotiated. Please update server and client to use TLSv1.2 at minimum.
2021-05-05 13:30:28,293 INFO org.hibernate.engine.transaction.jta.platform.internal.JtaPlatformInitiator [main] HHH000490: Using JtaPlatform implementation: [org.hibernate.engine.transaction.jta.platform.internal.NoJtaPlatform]
2021-05-05 13:30:28,301 INFO org.springframework.orm.jpa.AbstractEntityManagerFactoryBean [main] Initialized JPA EntityManagerFactory for persistence unit 'default'
2021-05-05 13:30:28,639 WARN org.springframework.boot.autoconfigure.orm.jpa.JpaBaseConfiguration$JpaWebConfiguration [main] spring.jpa.open-in-view is enabled by default. Therefore, database queries may be performed during view rendering. Explicitly configure spring.jpa.open-in-view to disable this warning
2021-05-05 13:30:28,824 INFO org.springframework.security.web.DefaultSecurityFilterChain [main] Will secure any request with [org.springframework.security.web.context.request.async.WebAsyncManagerIntegrationFilter@32fd5bc, org.springframework.security.web.context.SecurityContextPersistenceFilter@a302f30, org.springframework.security.web.header.HeaderWriterFilter@1cdad619, org.springframework.web.filter.CorsFilter@5737d116, org.springframework.security.web.authentication.logout.LogoutFilter@70eb94d7, com.base.rest.security.JwtAuthenticationFilter@e4bb10b, org.springframework.security.web.savedrequest.RequestCacheAwareFilter@744f0e0b, org.springframework.security.web.servletapi.SecurityContextHolderAwareRequestFilter@143fe09c, org.springframework.security.web.authentication.AnonymousAuthenticationFilter@b5d7233, org.springframework.security.web.session.SessionManagementFilter@c7c07ff, org.springframework.security.web.access.ExceptionTranslationFilter@581d5b33, org.springframework.security.web.access.intercept.FilterSecurityInterceptor@411933]
2021-05-05 13:30:28,950 INFO org.springframework.scheduling.concurrent.ExecutorConfigurationSupport [main] Initializing ExecutorService 'applicationTaskExecutor'
2021-05-05 13:30:29,159 INFO org.apache.juli.logging.DirectJDKLog [main] Starting ProtocolHandler ["http-nio-8888"]
2021-05-05 13:30:29,192 INFO org.springframework.boot.web.embedded.tomcat.TomcatWebServer [main] Tomcat started on port(s): 8888 (http) with context path '/baseRest'
2021-05-05 13:30:29,200 INFO org.springframework.boot.StartupInfoLogger [main] Started BaseRestApplication in 4.285 seconds (JVM running for 6.739)
2021-05-05 13:32:34,629 INFO org.apache.juli.logging.DirectJDKLog [http-nio-8888-exec-2] Initializing Spring DispatcherServlet 'dispatcherServlet'
2021-05-05 13:32:34,629 INFO org.springframework.web.servlet.FrameworkServlet [http-nio-8888-exec-2] Initializing Servlet 'dispatcherServlet'
2021-05-05 13:32:34,630 INFO org.springframework.web.servlet.FrameworkServlet [http-nio-8888-exec-2] Completed initialization in 1 ms
2021-05-05 13:32:34,647 WARN com.base.rest.security.JwtAuthenticationFilter [http-nio-8888-exec-2] couldn't find bearer string, will ignore the header
2021-05-05 13:32:34,673 WARN com.base.rest.controllers.AuthenticationController [http-nio-8888-exec-2] couldn't find bearer string, will ignore the header
2021-05-05 13:51:26,187 INFO org.springframework.boot.admin.SpringApplicationAdminMXBeanRegistrar$SpringApplicationAdmin [RMI TCP Connection(2)-127.0.0.1] Application shutdown requested.
2021-05-05 13:51:26,237 INFO org.springframework.scheduling.concurrent.ExecutorConfigurationSupport [RMI TCP Connection(2)-127.0.0.1] Shutting down ExecutorService 'applicationTaskExecutor'
2021-05-05 13:51:26,238 INFO org.springframework.orm.jpa.AbstractEntityManagerFactoryBean [RMI TCP Connection(2)-127.0.0.1] Closing JPA EntityManagerFactory for persistence unit 'default'
2021-05-05 13:51:26,241 INFO com.zaxxer.hikari.HikariDataSource [RMI TCP Connection(2)-127.0.0.1] HikariPool-1 - Shutdown initiated...
2021-05-05 13:51:26,244 INFO com.zaxxer.hikari.HikariDataSource [RMI TCP Connection(2)-127.0.0.1] HikariPool-1 - Shutdown completed.
2021-05-05 13:51:48,854 INFO org.hibernate.validator.internal.util.Version [background-preinit] HV000001: Hibernate Validator 6.1.7.Final
2021-05-05 13:51:48,861 INFO org.springframework.boot.StartupInfoLogger [main] Starting BaseRestApplication using Java 15.0.2 on MOV06471 with PID 22424 (C:\workspaceOrigen\baseRest\target\classes started by fperea in C:\workspaceOrigen\baseRest)
2021-05-05 13:51:48,862 INFO org.springframework.boot.SpringApplication [main] No active profile set, falling back to default profiles: default
2021-05-05 13:51:49,485 INFO org.springframework.data.repository.config.RepositoryConfigurationDelegate [main] Bootstrapping Spring Data JPA repositories in DEFAULT mode.
2021-05-05 13:51:49,546 INFO org.springframework.data.repository.config.RepositoryConfigurationDelegate [main] Finished Spring Data repository scanning in 55 ms. Found 2 JPA repository interfaces.
2021-05-05 13:51:49,807 INFO org.springframework.context.support.PostProcessorRegistrationDelegate$BeanPostProcessorChecker [main] Bean 'org.springframework.security.access.expression.method.DefaultMethodSecurityExpressionHandler@1f0b3cfe' of type [org.springframework.security.access.expression.method.DefaultMethodSecurityExpressionHandler] is not eligible for getting processed by all BeanPostProcessors (for example: not eligible for auto-proxying)
2021-05-05 13:51:49,811 INFO org.springframework.context.support.PostProcessorRegistrationDelegate$BeanPostProcessorChecker [main] Bean 'methodSecurityMetadataSource' of type [org.springframework.security.access.method.DelegatingMethodSecurityMetadataSource] is not eligible for getting processed by all BeanPostProcessors (for example: not eligible for auto-proxying)
2021-05-05 13:51:50,074 INFO org.springframework.boot.web.embedded.tomcat.TomcatWebServer [main] Tomcat initialized with port(s): 8888 (http)
2021-05-05 13:51:50,086 INFO org.apache.juli.logging.DirectJDKLog [main] Initializing ProtocolHandler ["http-nio-8888"]
2021-05-05 13:51:50,086 INFO org.apache.juli.logging.DirectJDKLog [main] Starting service [Tomcat]
2021-05-05 13:51:50,087 INFO org.apache.juli.logging.DirectJDKLog [main] Starting Servlet engine: [Apache Tomcat/9.0.43]
2021-05-05 13:51:50,199 INFO org.apache.juli.logging.DirectJDKLog [main] Initializing Spring embedded WebApplicationContext
2021-05-05 13:51:50,199 INFO org.springframework.boot.web.servlet.context.ServletWebServerApplicationContext [main] Root WebApplicationContext: initialization completed in 1297 ms
2021-05-05 13:51:50,400 INFO org.hibernate.jpa.internal.util.LogHelper [main] HHH000204: Processing PersistenceUnitInfo [name: default]
2021-05-05 13:51:50,485 INFO org.hibernate.Version [main] HHH000412: Hibernate ORM core version 5.4.28.Final
2021-05-05 13:51:50,684 INFO org.hibernate.annotations.common.reflection.java.JavaReflectionManager [main] HCANN000001: Hibernate Commons Annotations {5.1.2.Final}
2021-05-05 13:51:50,787 INFO com.zaxxer.hikari.HikariDataSource [main] HikariPool-1 - Starting...
2021-05-05 13:51:51,109 WARN com.microsoft.sqlserver.jdbc.TDSChannel [main] TLSv1 was negotiated. Please update server and client to use TLSv1.2 at minimum.
2021-05-05 13:51:51,161 INFO com.zaxxer.hikari.HikariDataSource [main] HikariPool-1 - Start completed.
2021-05-05 13:51:51,187 INFO org.hibernate.dialect.Dialect [main] HHH000400: Using dialect: org.hibernate.dialect.SQLServer2012Dialect
2021-05-05 13:51:51,296 WARN com.microsoft.sqlserver.jdbc.TDSChannel [HikariPool-1 connection adder] TLSv1 was negotiated. Please update server and client to use TLSv1.2 at minimum.
2021-05-05 13:51:51,317 WARN com.microsoft.sqlserver.jdbc.TDSChannel [HikariPool-1 connection adder] TLSv1 was negotiated. Please update server and client to use TLSv1.2 at minimum.
2021-05-05 13:51:51,338 WARN com.microsoft.sqlserver.jdbc.TDSChannel [HikariPool-1 connection adder] TLSv1 was negotiated. Please update server and client to use TLSv1.2 at minimum.
2021-05-05 13:51:51,357 WARN com.microsoft.sqlserver.jdbc.TDSChannel [HikariPool-1 connection adder] TLSv1 was negotiated. Please update server and client to use TLSv1.2 at minimum.
2021-05-05 13:51:51,383 WARN com.microsoft.sqlserver.jdbc.TDSChannel [HikariPool-1 connection adder] TLSv1 was negotiated. Please update server and client to use TLSv1.2 at minimum.
2021-05-05 13:51:51,416 WARN com.microsoft.sqlserver.jdbc.TDSChannel [HikariPool-1 connection adder] TLSv1 was negotiated. Please update server and client to use TLSv1.2 at minimum.
2021-05-05 13:51:51,438 WARN com.microsoft.sqlserver.jdbc.TDSChannel [HikariPool-1 connection adder] TLSv1 was negotiated. Please update server and client to use TLSv1.2 at minimum.
2021-05-05 13:51:51,459 WARN com.microsoft.sqlserver.jdbc.TDSChannel [HikariPool-1 connection adder] TLSv1 was negotiated. Please update server and client to use TLSv1.2 at minimum.
2021-05-05 13:51:51,478 WARN com.microsoft.sqlserver.jdbc.TDSChannel [HikariPool-1 connection adder] TLSv1 was negotiated. Please update server and client to use TLSv1.2 at minimum.
2021-05-05 13:51:51,820 INFO org.hibernate.engine.transaction.jta.platform.internal.JtaPlatformInitiator [main] HHH000490: Using JtaPlatform implementation: [org.hibernate.engine.transaction.jta.platform.internal.NoJtaPlatform]
2021-05-05 13:51:51,828 INFO org.springframework.orm.jpa.AbstractEntityManagerFactoryBean [main] Initialized JPA EntityManagerFactory for persistence unit 'default'
2021-05-05 13:51:52,193 WARN org.springframework.boot.autoconfigure.orm.jpa.JpaBaseConfiguration$JpaWebConfiguration [main] spring.jpa.open-in-view is enabled by default. Therefore, database queries may be performed during view rendering. Explicitly configure spring.jpa.open-in-view to disable this warning
2021-05-05 13:51:52,492 INFO org.springframework.security.web.DefaultSecurityFilterChain [main] Will secure any request with [org.springframework.security.web.context.request.async.WebAsyncManagerIntegrationFilter@49f41c2e, org.springframework.security.web.context.SecurityContextPersistenceFilter@55cb3b7, org.springframework.security.web.header.HeaderWriterFilter@1331d6fd, org.springframework.web.filter.CorsFilter@194eae3e, org.springframework.security.web.authentication.logout.LogoutFilter@6a562255, com.base.rest.security.JwtAuthenticationFilter@2c4eae94, org.springframework.security.web.savedrequest.RequestCacheAwareFilter@280c3dc0, org.springframework.security.web.servletapi.SecurityContextHolderAwareRequestFilter@73c09a98, org.springframework.security.web.authentication.AnonymousAuthenticationFilter@2ab39942, org.springframework.security.web.session.SessionManagementFilter@3d3b852e, org.springframework.security.web.access.ExceptionTranslationFilter@69a294d8, org.springframework.security.web.access.intercept.FilterSecurityInterceptor@7fad28ac]
2021-05-05 13:51:52,612 INFO org.springframework.scheduling.concurrent.ExecutorConfigurationSupport [main] Initializing ExecutorService 'applicationTaskExecutor'
2021-05-05 13:51:52,824 INFO org.apache.juli.logging.DirectJDKLog [main] Starting ProtocolHandler ["http-nio-8888"]
2021-05-05 13:51:52,856 INFO org.springframework.boot.web.embedded.tomcat.TomcatWebServer [main] Tomcat started on port(s): 8888 (http) with context path '/baseRest'
2021-05-05 13:51:52,866 INFO org.springframework.boot.StartupInfoLogger [main] Started BaseRestApplication in 4.388 seconds (JVM running for 5.326)
15:02:13.743 [background-preinit] INFO  o.h.validator.internal.util.Version - HV000001: Hibernate Validator 6.1.7.Final
15:02:13.751 [main] INFO  com.base.rest.BaseRestApplication - Starting BaseRestApplication using Java 15.0.2 on MOV06471 with PID 9824 (C:\workspaceOrigen\baseRest\target\classes started by fperea in C:\workspaceOrigen\baseRest)
15:02:13.752 [main] INFO  com.base.rest.BaseRestApplication - No active profile set, falling back to default profiles: default
15:02:14.433 [main] INFO  o.s.d.r.c.RepositoryConfigurationDelegate - Bootstrapping Spring Data JPA repositories in DEFAULT mode.
15:02:14.498 [main] INFO  o.s.d.r.c.RepositoryConfigurationDelegate - Finished Spring Data repository scanning in 57 ms. Found 2 JPA repository interfaces.
15:02:14.789 [main] INFO  o.s.c.s.PostProcessorRegistrationDelegate$BeanPostProcessorChecker - Bean 'org.springframework.security.access.expression.method.DefaultMethodSecurityExpressionHandler@7718a40f' of type [org.springframework.security.access.expression.method.DefaultMethodSecurityExpressionHandler] is not eligible for getting processed by all BeanPostProcessors (for example: not eligible for auto-proxying)
15:02:14.792 [main] INFO  o.s.c.s.PostProcessorRegistrationDelegate$BeanPostProcessorChecker - Bean 'methodSecurityMetadataSource' of type [org.springframework.security.access.method.DelegatingMethodSecurityMetadataSource] is not eligible for getting processed by all BeanPostProcessors (for example: not eligible for auto-proxying)
15:02:15.103 [main] INFO  o.s.b.w.e.tomcat.TomcatWebServer - Tomcat initialized with port(s): 8888 (http)
15:02:15.118 [main] INFO  o.a.coyote.http11.Http11NioProtocol - Initializing ProtocolHandler ["http-nio-8888"]
15:02:15.118 [main] INFO  o.a.catalina.core.StandardService - Starting service [Tomcat]
15:02:15.119 [main] INFO  o.a.catalina.core.StandardEngine - Starting Servlet engine: [Apache Tomcat/9.0.43]
15:02:15.254 [main] INFO  o.a.c.c.C.[.[localhost].[/baseRest] - Initializing Spring embedded WebApplicationContext
15:02:15.254 [main] INFO  o.s.b.w.s.c.ServletWebServerApplicationContext - Root WebApplicationContext: initialization completed in 1456 ms
15:02:15.530 [main] INFO  o.h.jpa.internal.util.LogHelper - HHH000204: Processing PersistenceUnitInfo [name: default]
15:02:15.611 [main] INFO  org.hibernate.Version - HHH000412: Hibernate ORM core version 5.4.28.Final
15:02:15.817 [main] INFO  o.h.annotations.common.Version - HCANN000001: Hibernate Commons Annotations {5.1.2.Final}
15:02:15.910 [main] INFO  com.zaxxer.hikari.HikariDataSource - HikariPool-1 - Starting...
15:02:16.237 [main] WARN  c.m.s.jdbc.internals.TDS.Channel - TLSv1 was negotiated. Please update server and client to use TLSv1.2 at minimum.
15:02:16.294 [main] INFO  com.zaxxer.hikari.HikariDataSource - HikariPool-1 - Start completed.
15:02:16.322 [main] INFO  org.hibernate.dialect.Dialect - HHH000400: Using dialect: org.hibernate.dialect.SQLServer2012Dialect
15:02:16.429 [HikariPool-1 connection adder] WARN  c.m.s.jdbc.internals.TDS.Channel - TLSv1 was negotiated. Please update server and client to use TLSv1.2 at minimum.
15:02:16.454 [HikariPool-1 connection adder] WARN  c.m.s.jdbc.internals.TDS.Channel - TLSv1 was negotiated. Please update server and client to use TLSv1.2 at minimum.
15:02:16.475 [HikariPool-1 connection adder] WARN  c.m.s.jdbc.internals.TDS.Channel - TLSv1 was negotiated. Please update server and client to use TLSv1.2 at minimum.
15:02:16.498 [HikariPool-1 connection adder] WARN  c.m.s.jdbc.internals.TDS.Channel - TLSv1 was negotiated. Please update server and client to use TLSv1.2 at minimum.
15:02:16.522 [HikariPool-1 connection adder] WARN  c.m.s.jdbc.internals.TDS.Channel - TLSv1 was negotiated. Please update server and client to use TLSv1.2 at minimum.
15:02:16.556 [HikariPool-1 connection adder] WARN  c.m.s.jdbc.internals.TDS.Channel - TLSv1 was negotiated. Please update server and client to use TLSv1.2 at minimum.
15:02:16.582 [HikariPool-1 connection adder] WARN  c.m.s.jdbc.internals.TDS.Channel - TLSv1 was negotiated. Please update server and client to use TLSv1.2 at minimum.
15:02:16.605 [HikariPool-1 connection adder] WARN  c.m.s.jdbc.internals.TDS.Channel - TLSv1 was negotiated. Please update server and client to use TLSv1.2 at minimum.
15:02:16.628 [HikariPool-1 connection adder] WARN  c.m.s.jdbc.internals.TDS.Channel - TLSv1 was negotiated. Please update server and client to use TLSv1.2 at minimum.
15:02:17.058 [main] INFO  o.h.e.t.j.p.i.JtaPlatformInitiator - HHH000490: Using JtaPlatform implementation: [org.hibernate.engine.transaction.jta.platform.internal.NoJtaPlatform]
15:02:17.067 [main] INFO  o.s.o.j.LocalContainerEntityManagerFactoryBean - Initialized JPA EntityManagerFactory for persistence unit 'default'
15:02:17.480 [main] WARN  o.s.b.a.o.j.JpaBaseConfiguration$JpaWebConfiguration - spring.jpa.open-in-view is enabled by default. Therefore, database queries may be performed during view rendering. Explicitly configure spring.jpa.open-in-view to disable this warning
15:02:17.738 [main] INFO  o.s.s.web.DefaultSecurityFilterChain - Will secure any request with [org.springframework.security.web.context.request.async.WebAsyncManagerIntegrationFilter@44a98a23, org.springframework.security.web.context.SecurityContextPersistenceFilter@2e1e7bc6, org.springframework.security.web.header.HeaderWriterFilter@750c23a3, org.springframework.web.filter.CorsFilter@107ebdad, org.springframework.security.web.authentication.logout.LogoutFilter@143fe09c, com.base.rest.security.JwtAuthenticationFilter@77f04d1a, org.springframework.security.web.savedrequest.RequestCacheAwareFilter@185bf6e0, org.springframework.security.web.servletapi.SecurityContextHolderAwareRequestFilter@71cc0e35, org.springframework.security.web.authentication.AnonymousAuthenticationFilter@e3275d3, org.springframework.security.web.session.SessionManagementFilter@13018f00, org.springframework.security.web.access.ExceptionTranslationFilter@27d6467, org.springframework.security.web.access.intercept.FilterSecurityInterceptor@33a7331]
15:02:17.902 [main] INFO  o.s.s.c.ThreadPoolTaskExecutor - Initializing ExecutorService 'applicationTaskExecutor'
15:02:18.156 [main] INFO  o.a.coyote.http11.Http11NioProtocol - Starting ProtocolHandler ["http-nio-8888"]
15:02:18.196 [main] INFO  o.s.b.w.e.tomcat.TomcatWebServer - Tomcat started on port(s): 8888 (http) with context path '/baseRest'
15:02:18.208 [main] INFO  com.base.rest.BaseRestApplication - Started BaseRestApplication in 4.882 seconds (JVM running for 5.676)
15:31:33.678 [HikariPool-1 connection adder] WARN  c.m.s.jdbc.internals.TDS.Channel - TLSv1 was negotiated. Please update server and client to use TLSv1.2 at minimum.
15:31:33.795 [HikariPool-1 connection adder] WARN  c.m.s.jdbc.internals.TDS.Channel - TLSv1 was negotiated. Please update server and client to use TLSv1.2 at minimum.
15:31:37.913 [HikariPool-1 connection adder] WARN  c.m.s.jdbc.internals.TDS.Channel - TLSv1 was negotiated. Please update server and client to use TLSv1.2 at minimum.
15:31:37.992 [HikariPool-1 connection adder] WARN  c.m.s.jdbc.internals.TDS.Channel - TLSv1 was negotiated. Please update server and client to use TLSv1.2 at minimum.
15:31:46.434 [HikariPool-1 connection adder] WARN  c.m.s.jdbc.internals.TDS.Channel - TLSv1 was negotiated. Please update server and client to use TLSv1.2 at minimum.
15:31:48.449 [HikariPool-1 connection adder] WARN  c.m.s.jdbc.internals.TDS.Channel - TLSv1 was negotiated. Please update server and client to use TLSv1.2 at minimum.
15:31:59.733 [HikariPool-1 connection adder] WARN  c.m.s.jdbc.internals.TDS.Channel - TLSv1 was negotiated. Please update server and client to use TLSv1.2 at minimum.
15:32:00.997 [HikariPool-1 connection adder] WARN  c.m.s.jdbc.internals.TDS.Channel - TLSv1 was negotiated. Please update server and client to use TLSv1.2 at minimum.
15:32:02.045 [HikariPool-1 connection adder] WARN  c.m.s.jdbc.internals.TDS.Channel - TLSv1 was negotiated. Please update server and client to use TLSv1.2 at minimum.
15:32:04.644 [HikariPool-1 connection adder] WARN  c.m.s.jdbc.internals.TDS.Channel - TLSv1 was negotiated. Please update server and client to use TLSv1.2 at minimum.
16:00:49.962 [HikariPool-1 connection adder] WARN  c.m.s.jdbc.internals.TDS.Channel - TLSv1 was negotiated. Please update server and client to use TLSv1.2 at minimum.
16:01:05.545 [HikariPool-1 connection adder] WARN  c.m.s.jdbc.internals.TDS.Channel - TLSv1 was negotiated. Please update server and client to use TLSv1.2 at minimum.
16:01:15.933 [HikariPool-1 connection adder] WARN  c.m.s.jdbc.internals.TDS.Channel - TLSv1 was negotiated. Please update server and client to use TLSv1.2 at minimum.
16:01:17.843 [HikariPool-1 connection adder] WARN  c.m.s.jdbc.internals.TDS.Channel - TLSv1 was negotiated. Please update server and client to use TLSv1.2 at minimum.
16:01:30.134 [HikariPool-1 connection adder] WARN  c.m.s.jdbc.internals.TDS.Channel - TLSv1 was negotiated. Please update server and client to use TLSv1.2 at minimum.
16:01:32.273 [HikariPool-1 connection adder] WARN  c.m.s.jdbc.internals.TDS.Channel - TLSv1 was negotiated. Please update server and client to use TLSv1.2 at minimum.
16:01:39.294 [HikariPool-1 connection adder] WARN  c.m.s.jdbc.internals.TDS.Channel - TLSv1 was negotiated. Please update server and client to use TLSv1.2 at minimum.
16:01:43.973 [HikariPool-1 connection adder] WARN  c.m.s.jdbc.internals.TDS.Channel - TLSv1 was negotiated. Please update server and client to use TLSv1.2 at minimum.
16:01:49.373 [HikariPool-1 connection adder] WARN  c.m.s.jdbc.internals.TDS.Channel - TLSv1 was negotiated. Please update server and client to use TLSv1.2 at minimum.
16:01:55.890 [HikariPool-1 connection adder] WARN  c.m.s.jdbc.internals.TDS.Channel - TLSv1 was negotiated. Please update server and client to use TLSv1.2 at minimum.
16:53:52.926 [main] INFO  com.base.rest.BaseRestApplication - Starting BaseRestApplication using Java 15.0.2 on MOV06471 with PID 14424 (C:\workspaceOrigen\baseRest\target\classes started by fperea in C:\workspaceOrigen\baseRest)
16:53:52.921 [background-preinit] INFO  o.h.validator.internal.util.Version - HV000001: Hibernate Validator 6.1.7.Final
16:53:52.927 [main] INFO  com.base.rest.BaseRestApplication - No active profile set, falling back to default profiles: default
16:53:53.542 [main] INFO  o.s.d.r.c.RepositoryConfigurationDelegate - Bootstrapping Spring Data JPA repositories in DEFAULT mode.
16:53:53.601 [main] INFO  o.s.d.r.c.RepositoryConfigurationDelegate - Finished Spring Data repository scanning in 54 ms. Found 2 JPA repository interfaces.
16:53:53.858 [main] INFO  o.s.c.s.PostProcessorRegistrationDelegate$BeanPostProcessorChecker - Bean 'org.springframework.security.access.expression.method.DefaultMethodSecurityExpressionHandler@44bd4b0a' of type [org.springframework.security.access.expression.method.DefaultMethodSecurityExpressionHandler] is not eligible for getting processed by all BeanPostProcessors (for example: not eligible for auto-proxying)
16:53:53.862 [main] INFO  o.s.c.s.PostProcessorRegistrationDelegate$BeanPostProcessorChecker - Bean 'methodSecurityMetadataSource' of type [org.springframework.security.access.method.DelegatingMethodSecurityMetadataSource] is not eligible for getting processed by all BeanPostProcessors (for example: not eligible for auto-proxying)
16:53:54.147 [main] INFO  o.s.b.w.e.tomcat.TomcatWebServer - Tomcat initialized with port(s): 8888 (http)
16:53:54.159 [main] INFO  o.a.coyote.http11.Http11NioProtocol - Initializing ProtocolHandler ["http-nio-8888"]
16:53:54.159 [main] INFO  o.a.catalina.core.StandardService - Starting service [Tomcat]
16:53:54.160 [main] INFO  o.a.catalina.core.StandardEngine - Starting Servlet engine: [Apache Tomcat/9.0.43]
16:53:54.275 [main] INFO  o.a.c.c.C.[.[localhost].[/baseRest] - Initializing Spring embedded WebApplicationContext
16:53:54.275 [main] INFO  o.s.b.w.s.c.ServletWebServerApplicationContext - Root WebApplicationContext: initialization completed in 1306 ms
16:53:54.482 [main] INFO  o.h.jpa.internal.util.LogHelper - HHH000204: Processing PersistenceUnitInfo [name: default]
16:53:54.557 [main] INFO  org.hibernate.Version - HHH000412: Hibernate ORM core version 5.4.28.Final
16:53:54.765 [main] INFO  o.h.annotations.common.Version - HCANN000001: Hibernate Commons Annotations {5.1.2.Final}
16:53:54.866 [main] INFO  com.zaxxer.hikari.HikariDataSource - HikariPool-1 - Starting...
16:53:55.211 [main] WARN  c.m.s.jdbc.internals.TDS.Channel - TLSv1 was negotiated. Please update server and client to use TLSv1.2 at minimum.
16:53:55.275 [main] INFO  com.zaxxer.hikari.HikariDataSource - HikariPool-1 - Start completed.
16:53:55.299 [main] INFO  org.hibernate.dialect.Dialect - HHH000400: Using dialect: org.hibernate.dialect.SQLServer2012Dialect
16:53:55.416 [HikariPool-1 connection adder] WARN  c.m.s.jdbc.internals.TDS.Channel - TLSv1 was negotiated. Please update server and client to use TLSv1.2 at minimum.
16:53:55.447 [HikariPool-1 connection adder] WARN  c.m.s.jdbc.internals.TDS.Channel - TLSv1 was negotiated. Please update server and client to use TLSv1.2 at minimum.
16:53:55.474 [HikariPool-1 connection adder] WARN  c.m.s.jdbc.internals.TDS.Channel - TLSv1 was negotiated. Please update server and client to use TLSv1.2 at minimum.
16:53:55.497 [HikariPool-1 connection adder] WARN  c.m.s.jdbc.internals.TDS.Channel - TLSv1 was negotiated. Please update server and client to use TLSv1.2 at minimum.
16:53:55.522 [HikariPool-1 connection adder] WARN  c.m.s.jdbc.internals.TDS.Channel - TLSv1 was negotiated. Please update server and client to use TLSv1.2 at minimum.
16:53:55.554 [HikariPool-1 connection adder] WARN  c.m.s.jdbc.internals.TDS.Channel - TLSv1 was negotiated. Please update server and client to use TLSv1.2 at minimum.
16:53:55.578 [HikariPool-1 connection adder] WARN  c.m.s.jdbc.internals.TDS.Channel - TLSv1 was negotiated. Please update server and client to use TLSv1.2 at minimum.
16:53:55.599 [HikariPool-1 connection adder] WARN  c.m.s.jdbc.internals.TDS.Channel - TLSv1 was negotiated. Please update server and client to use TLSv1.2 at minimum.
16:53:55.625 [HikariPool-1 connection adder] WARN  c.m.s.jdbc.internals.TDS.Channel - TLSv1 was negotiated. Please update server and client to use TLSv1.2 at minimum.
16:53:56.008 [main] INFO  o.h.e.t.j.p.i.JtaPlatformInitiator - HHH000490: Using JtaPlatform implementation: [org.hibernate.engine.transaction.jta.platform.internal.NoJtaPlatform]
16:53:56.016 [main] INFO  o.s.o.j.LocalContainerEntityManagerFactoryBean - Initialized JPA EntityManagerFactory for persistence unit 'default'
16:53:56.387 [main] WARN  o.s.b.a.o.j.JpaBaseConfiguration$JpaWebConfiguration - spring.jpa.open-in-view is enabled by default. Therefore, database queries may be performed during view rendering. Explicitly configure spring.jpa.open-in-view to disable this warning
16:53:56.626 [main] INFO  o.s.s.web.DefaultSecurityFilterChain - Will secure any request with [org.springframework.security.web.context.request.async.WebAsyncManagerIntegrationFilter@44a98a23, org.springframework.security.web.context.SecurityContextPersistenceFilter@13018f00, org.springframework.security.web.header.HeaderWriterFilter@1fa796a4, org.springframework.web.filter.CorsFilter@107ebdad, org.springframework.security.web.authentication.logout.LogoutFilter@5020e5ab, com.base.rest.security.JwtAuthenticationFilter@6c7f804c, org.springframework.security.web.savedrequest.RequestCacheAwareFilter@2e1e7bc6, org.springframework.security.web.servletapi.SecurityContextHolderAwareRequestFilter@319058ce, org.springframework.security.web.authentication.AnonymousAuthenticationFilter@e3275d3, org.springframework.security.web.session.SessionManagementFilter@73baf7f0, org.springframework.security.web.access.ExceptionTranslationFilter@f287a4e, org.springframework.security.web.access.intercept.FilterSecurityInterceptor@33a7331]
16:53:56.763 [main] INFO  o.s.s.c.ThreadPoolTaskExecutor - Initializing ExecutorService 'applicationTaskExecutor'
16:53:56.976 [main] INFO  o.a.coyote.http11.Http11NioProtocol - Starting ProtocolHandler ["http-nio-8888"]
16:53:57.003 [main] INFO  o.s.b.w.e.tomcat.TomcatWebServer - Tomcat started on port(s): 8888 (http) with context path '/baseRest'
16:53:57.012 [main] INFO  com.base.rest.BaseRestApplication - Started BaseRestApplication in 4.457 seconds (JVM running for 5.195)
16:54:21.517 [http-nio-8888-exec-2] INFO  o.a.c.c.C.[.[localhost].[/baseRest] - Initializing Spring DispatcherServlet 'dispatcherServlet'
16:54:21.518 [http-nio-8888-exec-2] INFO  o.s.web.servlet.DispatcherServlet - Initializing Servlet 'dispatcherServlet'
16:54:21.520 [http-nio-8888-exec-2] INFO  o.s.web.servlet.DispatcherServlet - Completed initialization in 2 ms
16:54:21.539 [http-nio-8888-exec-2] WARN  c.b.r.s.JwtAuthenticationFilter - No se ha podido encontrar la cadena del token en la cabecera. Se ignora la cabecera.
16:54:33.482 [http-nio-8888-exec-2] WARN  chapters.introduction.HelloWorld1 - couldn't find bearer string, will ignore the header
16:55:30.009 [http-nio-8888-exec-4] WARN  c.b.r.s.JwtAuthenticationFilter - No se ha podido encontrar la cadena del token en la cabecera. Se ignora la cabecera.
16:55:36.945 [http-nio-8888-exec-4] WARN  chapters.introduction.HelloWorld1 - couldn't find bearer string, will ignore the header
16:57:42.962 [http-nio-8888-exec-7] INFO  c.b.r.s.JwtAuthenticationFilter - Usuario autentificado: administrador. Estableciendo contexto de seguridad.
17:01:11.388 [background-preinit] INFO  o.h.validator.internal.util.Version - HV000001: Hibernate Validator 6.1.7.Final
17:01:11.394 [main] INFO  com.base.rest.BaseRestApplication - Starting BaseRestApplication using Java 15.0.2 on MOV06471 with PID 4944 (C:\workspaceOrigen\baseRest\target\classes started by fperea in C:\workspaceOrigen\baseRest)
17:01:11.395 [main] INFO  com.base.rest.BaseRestApplication - No active profile set, falling back to default profiles: default
17:01:12.009 [main] INFO  o.s.d.r.c.RepositoryConfigurationDelegate - Bootstrapping Spring Data JPA repositories in DEFAULT mode.
17:01:12.065 [main] INFO  o.s.d.r.c.RepositoryConfigurationDelegate - Finished Spring Data repository scanning in 50 ms. Found 2 JPA repository interfaces.
17:01:12.299 [main] INFO  o.s.c.s.PostProcessorRegistrationDelegate$BeanPostProcessorChecker - Bean 'org.springframework.security.access.expression.method.DefaultMethodSecurityExpressionHandler@1f0b3cfe' of type [org.springframework.security.access.expression.method.DefaultMethodSecurityExpressionHandler] is not eligible for getting processed by all BeanPostProcessors (for example: not eligible for auto-proxying)
17:01:12.302 [main] INFO  o.s.c.s.PostProcessorRegistrationDelegate$BeanPostProcessorChecker - Bean 'methodSecurityMetadataSource' of type [org.springframework.security.access.method.DelegatingMethodSecurityMetadataSource] is not eligible for getting processed by all BeanPostProcessors (for example: not eligible for auto-proxying)
17:01:12.518 [main] INFO  o.s.b.w.e.tomcat.TomcatWebServer - Tomcat initialized with port(s): 8888 (http)
17:01:12.525 [main] INFO  o.a.coyote.http11.Http11NioProtocol - Initializing ProtocolHandler ["http-nio-8888"]
17:01:12.526 [main] INFO  o.a.catalina.core.StandardService - Starting service [Tomcat]
17:01:12.526 [main] INFO  o.a.catalina.core.StandardEngine - Starting Servlet engine: [Apache Tomcat/9.0.43]
17:01:12.620 [main] INFO  o.a.c.c.C.[.[localhost].[/baseRest] - Initializing Spring embedded WebApplicationContext
17:01:12.620 [main] INFO  o.s.b.w.s.c.ServletWebServerApplicationContext - Root WebApplicationContext: initialization completed in 1185 ms
17:01:12.814 [main] INFO  o.h.jpa.internal.util.LogHelper - HHH000204: Processing PersistenceUnitInfo [name: default]
17:01:12.850 [main] INFO  org.hibernate.Version - HHH000412: Hibernate ORM core version 5.4.28.Final
17:01:12.936 [main] INFO  o.h.annotations.common.Version - HCANN000001: Hibernate Commons Annotations {5.1.2.Final}
17:01:13.015 [main] INFO  com.zaxxer.hikari.HikariDataSource - HikariPool-1 - Starting...
17:01:13.201 [main] WARN  c.m.s.jdbc.internals.TDS.Channel - TLSv1 was negotiated. Please update server and client to use TLSv1.2 at minimum.
17:01:13.251 [main] INFO  com.zaxxer.hikari.HikariDataSource - HikariPool-1 - Start completed.
17:01:13.269 [main] INFO  org.hibernate.dialect.Dialect - HHH000400: Using dialect: org.hibernate.dialect.SQLServer2012Dialect
17:01:13.388 [HikariPool-1 connection adder] WARN  c.m.s.jdbc.internals.TDS.Channel - TLSv1 was negotiated. Please update server and client to use TLSv1.2 at minimum.
17:01:13.415 [HikariPool-1 connection adder] WARN  c.m.s.jdbc.internals.TDS.Channel - TLSv1 was negotiated. Please update server and client to use TLSv1.2 at minimum.
17:01:13.438 [HikariPool-1 connection adder] WARN  c.m.s.jdbc.internals.TDS.Channel - TLSv1 was negotiated. Please update server and client to use TLSv1.2 at minimum.
17:01:13.461 [HikariPool-1 connection adder] WARN  c.m.s.jdbc.internals.TDS.Channel - TLSv1 was negotiated. Please update server and client to use TLSv1.2 at minimum.
17:01:13.504 [HikariPool-1 connection adder] WARN  c.m.s.jdbc.internals.TDS.Channel - TLSv1 was negotiated. Please update server and client to use TLSv1.2 at minimum.
17:01:13.530 [HikariPool-1 connection adder] WARN  c.m.s.jdbc.internals.TDS.Channel - TLSv1 was negotiated. Please update server and client to use TLSv1.2 at minimum.
17:01:13.554 [HikariPool-1 connection adder] WARN  c.m.s.jdbc.internals.TDS.Channel - TLSv1 was negotiated. Please update server and client to use TLSv1.2 at minimum.
17:01:13.578 [HikariPool-1 connection adder] WARN  c.m.s.jdbc.internals.TDS.Channel - TLSv1 was negotiated. Please update server and client to use TLSv1.2 at minimum.
17:01:13.599 [HikariPool-1 connection adder] WARN  c.m.s.jdbc.internals.TDS.Channel - TLSv1 was negotiated. Please update server and client to use TLSv1.2 at minimum.
17:01:13.846 [main] INFO  o.h.e.t.j.p.i.JtaPlatformInitiator - HHH000490: Using JtaPlatform implementation: [org.hibernate.engine.transaction.jta.platform.internal.NoJtaPlatform]
17:01:13.854 [main] INFO  o.s.o.j.LocalContainerEntityManagerFactoryBean - Initialized JPA EntityManagerFactory for persistence unit 'default'
17:01:14.189 [main] WARN  o.s.b.a.o.j.JpaBaseConfiguration$JpaWebConfiguration - spring.jpa.open-in-view is enabled by default. Therefore, database queries may be performed during view rendering. Explicitly configure spring.jpa.open-in-view to disable this warning
17:01:14.392 [main] INFO  o.s.s.web.DefaultSecurityFilterChain - Will secure any request with [org.springframework.security.web.context.request.async.WebAsyncManagerIntegrationFilter@29174dfe, org.springframework.security.web.context.SecurityContextPersistenceFilter@6f2bf657, org.springframework.security.web.header.HeaderWriterFilter@5dd227b7, org.springframework.web.filter.CorsFilter@319d106c, org.springframework.security.web.authentication.logout.LogoutFilter@6958d5d0, com.base.rest.security.JwtAuthenticationFilter@5aeebccc, org.springframework.security.web.savedrequest.RequestCacheAwareFilter@5bf1b528, org.springframework.security.web.servletapi.SecurityContextHolderAwareRequestFilter@4c3d72fd, org.springframework.security.web.authentication.AnonymousAuthenticationFilter@641e67fa, org.springframework.security.web.session.SessionManagementFilter@50f13494, org.springframework.security.web.access.ExceptionTranslationFilter@5e198c40, org.springframework.security.web.access.intercept.FilterSecurityInterceptor@70bc9070]
17:01:14.520 [main] INFO  o.s.s.c.ThreadPoolTaskExecutor - Initializing ExecutorService 'applicationTaskExecutor'
17:01:14.738 [main] INFO  o.a.coyote.http11.Http11NioProtocol - Starting ProtocolHandler ["http-nio-8888"]
17:01:14.763 [main] INFO  o.s.b.w.e.tomcat.TomcatWebServer - Tomcat started on port(s): 8888 (http) with context path '/baseRest'
17:01:14.778 [main] INFO  com.base.rest.BaseRestApplication - Started BaseRestApplication in 3.72 seconds (JVM running for 4.36)
17:01:23.585 [http-nio-8888-exec-2] INFO  o.a.c.c.C.[.[localhost].[/baseRest] - Initializing Spring DispatcherServlet 'dispatcherServlet'
17:01:23.586 [http-nio-8888-exec-2] INFO  o.s.web.servlet.DispatcherServlet - Initializing Servlet 'dispatcherServlet'
17:01:23.587 [http-nio-8888-exec-2] INFO  o.s.web.servlet.DispatcherServlet - Completed initialization in 1 ms
17:01:23.743 [http-nio-8888-exec-2] INFO  c.b.r.s.JwtAuthenticationFilter - Usuario autentificado: administrador. Estableciendo contexto de seguridad.
